#
# A fatal error has been detected by the Java Runtime Environment:
#
#  EXCEPTION_ACCESS_VIOLATION (0xc0000005) at pc=0x0000000000000000, pid=11456, tid=0x00000000000000d4
#
# JRE version: Java(TM) SE Runtime Environment (8.0_121-b13) (build 1.8.0_121-b13)
# Java VM: Java HotSpot(TM) 64-Bit Server VM (25.121-b13 mixed mode windows-amd64 compressed oops)
# Problematic frame:
# C  0x0000000000000000
#
# Failed to write core dump. Minidumps are not enabled by default on client versions of Windows
#
# If you would like to submit a bug report, please visit:
#   http://bugreport.java.com/bugreport/crash.jsp
# The crash happened outside the Java Virtual Machine in native code.
# See problematic frame for where to report the bug.
#

---------------  T H R E A D  ---------------

Current thread (0x00000000024f4000):  JavaThread "main" [_thread_in_native, id=212, stack(0x0000000000b10000,0x0000000000c10000)]

siginfo: ExceptionCode=0xc0000005, ExceptionInformation=0x0000000000000008 0x0000000000000000

Registers:
RAX=0x0000000029149e70, RBX=0x0000000025426098, RCX=0x0000000000000204, RDX=0x00000000291fe860
RSP=0x0000000000c0f0b8, RBP=0x0000000000c0f138, RSI=0x000000000ec59000, RDI=0x00000000026a835d
R8 =0x0000000000000204, R9 =0x0000000000b08360, R10=0x00000000026b7f48, R11=0x00000000553eb820
R12=0x0000000000000000, R13=0x0000000025426098, R14=0x0000000000c0f160, R15=0x00000000024f4000
RIP=0x0000000000000000, EFLAGS=0x0000000000010206

Top of Stack: (sp=0x0000000000c0f0b8)
0x0000000000c0f0b8:   00000000026b7f74 00000000026a835d
0x0000000000c0f0c8:   00000000026b7ceb 00000000024f4000
0x0000000000c0f0d8:   0000000025426098 000000000ec59000
0x0000000000c0f0e8:   00000000024f4000 00000000026b7ca2
0x0000000000c0f0f8:   0000000000c0f0f8 0000000025426098
0x0000000000c0f108:   0000000000c0f160 00000000253f3d90
0x0000000000c0f118:   0000000000000000 0000000025426098
0x0000000000c0f128:   0000000000000000 0000000000c0f158
0x0000000000c0f138:   0000000000c0f1a8 00000000026a835d
0x0000000000c0f148:   00000007167fa018 00000000026b19d8
0x0000000000c0f158:   000000003f000000 0000000000000204
0x0000000000c0f168:   0000000000c0f168 0000000025426132
0x0000000000c0f178:   0000000000c0f1c0 00000000253f3d90
0x0000000000c0f188:   0000000000000000 0000000025426158
0x0000000000c0f198:   0000000000c0f158 0000000000c0f1b8
0x0000000000c0f1a8:   0000000000c0f208 00000000026a835d 

Instructions: (pc=0x0000000000000000)
0xffffffffffffffe0:   


Register to memory mapping:

RAX=0x0000000029149e70 is an unknown value
RBX={method} {0x00000000254260a0} 'nglAlphaFunc' '(IF)V' in 'org/lwjgl/opengl/GL11'
RCX=0x0000000000000204 is an unknown value
RDX=0x00000000291fe860 is an unknown value
RSP=0x0000000000c0f0b8 is pointing into the stack for thread: 0x00000000024f4000
RBP=0x0000000000c0f138 is pointing into the stack for thread: 0x00000000024f4000
RSI=0x000000000ec59000 is an unknown value
RDI=0x00000000026a835d is at code_begin+2301 in an Interpreter codelet
invoke return entry points  [0x00000000026a7a60, 0x00000000026a8440]  2528 bytes
R8 =0x0000000000000204 is an unknown value
R9 =0x0000000000b08360 is an unknown value
R10=0x00000000026b7f48 is at code_begin+840 in an Interpreter codelet
method entry point (kind = native)  [0x00000000026b7c00, 0x00000000026b8560]  2400 bytes
R11=0x00000000553eb820 is an unknown value
R12=0x0000000000000000 is an unknown value
R13={method} {0x00000000254260a0} 'nglAlphaFunc' '(IF)V' in 'org/lwjgl/opengl/GL11'
R14=0x0000000000c0f160 is pointing into the stack for thread: 0x00000000024f4000
R15=0x00000000024f4000 is a thread


Stack: [0x0000000000b10000,0x0000000000c10000],  sp=0x0000000000c0f0b8,  free space=1020k
Native frames: (J=compiled Java code, j=interpreted, Vv=VM code, C=native code)

Java frames: (J=compiled Java code, j=interpreted, Vv=VM code)
j  org.lwjgl.opengl.GL11.nglAlphaFunc(IF)V+0
j  org.lwjgl.opengl.GL11.glAlphaFunc(IF)V+2
j  org.toyarmy.graphics.Display.start(Ljava/lang/String;)V+138
j  org.toyarmy.graphics.Display.<init>(IILjava/lang/String;)V+16
j  org.toyarmy.Main.run()V+17
j  org.toyarmy.Main.main([Ljava/lang/String;)V+7
v  ~StubRoutines::call_stub

---------------  P R O C E S S  ---------------

Java Threads: ( => current thread )
  0x00000000271b9000 JavaThread "Service Thread" daemon [_thread_blocked, id=9408, stack(0x0000000028ae0000,0x0000000028be0000)]
  0x0000000027116800 JavaThread "C1 CompilerThread3" daemon [_thread_blocked, id=1912, stack(0x00000000289e0000,0x0000000028ae0000)]
  0x0000000027114800 JavaThread "C2 CompilerThread2" daemon [_thread_blocked, id=6740, stack(0x00000000288e0000,0x00000000289e0000)]
  0x0000000027114000 JavaThread "C2 CompilerThread1" daemon [_thread_blocked, id=10856, stack(0x00000000287e0000,0x00000000288e0000)]
  0x000000002710f000 JavaThread "C2 CompilerThread0" daemon [_thread_blocked, id=11792, stack(0x00000000286e0000,0x00000000287e0000)]
  0x00000000270a1000 JavaThread "Monitor Ctrl-Break" daemon [_thread_in_native, id=10272, stack(0x00000000285e0000,0x00000000286e0000)]
  0x0000000026f73000 JavaThread "Attach Listener" daemon [_thread_blocked, id=6428, stack(0x00000000284d0000,0x00000000285d0000)]
  0x0000000026f72000 JavaThread "Signal Dispatcher" daemon [_thread_blocked, id=12356, stack(0x00000000283d0000,0x00000000284d0000)]
  0x00000000025ee000 JavaThread "Finalizer" daemon [_thread_blocked, id=7312, stack(0x00000000281d0000,0x00000000282d0000)]
  0x00000000025ed000 JavaThread "Reference Handler" daemon [_thread_blocked, id=9544, stack(0x00000000280d0000,0x00000000281d0000)]
=>0x00000000024f4000 JavaThread "main" [_thread_in_native, id=212, stack(0x0000000000b10000,0x0000000000c10000)]

Other Threads:
  0x0000000026f42800 VMThread [stack: 0x0000000027fd0000,0x00000000280d0000] [id=3604]
  0x000000002727a800 WatcherThread [stack: 0x0000000028be0000,0x0000000028ce0000] [id=11052]

VM state:not at safepoint (normal execution)

VM Mutex/Monitor currently owned by a thread: None

Heap:
 PSYoungGen      total 153088K, used 23744K [0x0000000715a00000, 0x0000000720480000, 0x00000007c0000000)
  eden space 131584K, 18% used [0x0000000715a00000,0x00000007171303e0,0x000000071da80000)
  from space 21504K, 0% used [0x000000071ef80000,0x000000071ef80000,0x0000000720480000)
  to   space 21504K, 0% used [0x000000071da80000,0x000000071da80000,0x000000071ef80000)
 ParOldGen       total 349696K, used 0K [0x00000005c0e00000, 0x00000005d6380000, 0x0000000715a00000)
  object space 349696K, 0% used [0x00000005c0e00000,0x00000005c0e00000,0x00000005d6380000)
 Metaspace       used 8653K, capacity 8857K, committed 9088K, reserved 1056768K
  class space    used 768K, capacity 834K, committed 896K, reserved 1048576K

Card table byte_map: [0x0000000011a60000,0x0000000012a60000] byte_map_base: 0x000000000ec59000

Marking Bits: (ParMarkBitMap*) 0x00000000559db6d0
 Begin Bits: [0x0000000013f10000, 0x000000001bed8000)
 End Bits:   [0x000000001bed8000, 0x0000000023ea0000)

Polling page: 0x0000000002340000

CodeCache: size=245760Kb used=2726Kb max_used=2726Kb free=243034Kb
 bounds [0x00000000026a0000, 0x0000000002950000, 0x00000000116a0000]
 total_blobs=1422 nmethods=599 adapters=736
 compilation: enabled

Compilation events (10 events):
Event: 2.477 Thread 0x0000000027116800  585       3       java.lang.reflect.Field::getFieldAccessor (16 bytes)
Event: 2.477 Thread 0x0000000027116800 nmethod 585 0x000000000293de90 code [0x000000000293dfe0, 0x000000000293e190]
Event: 2.477 Thread 0x0000000027116800  587       3       sun.reflect.UnsafeFieldAccessorFactory::newFieldAccessor (676 bytes)
Event: 2.479 Thread 0x0000000027116800 nmethod 587 0x0000000002941850 code [0x0000000002941e20, 0x0000000002944928]
Event: 2.479 Thread 0x0000000027116800  588       3       sun.reflect.UnsafeFieldAccessorImpl::<init> (56 bytes)
Event: 2.479 Thread 0x0000000027116800 nmethod 588 0x000000000293d3d0 code [0x000000000293d580, 0x000000000293dcb8]
Event: 2.479 Thread 0x0000000027116800  589       3       sun.reflect.FieldAccessorImpl::<init> (5 bytes)
Event: 2.479 Thread 0x0000000027116800 nmethod 589 0x0000000002945fd0 code [0x0000000002946140, 0x0000000002946350]
Event: 2.479 Thread 0x0000000027116800  590       3       java.lang.reflect.Field::getLong (51 bytes)
Event: 2.479 Thread 0x0000000027116800 nmethod 590 0x0000000002946410 code [0x00000000029465e0, 0x0000000002946c28]

GC Heap History (0 events):
No events

Deoptimization events (1 events):
Event: 0.208 Thread 0x00000000024f4000 Uncommon trap: reason=null_check action=make_not_entrant pc=0x0000000002846dd4 method=java.lang.String.equals(Ljava/lang/Object;)Z @ 8

Internal exceptions (10 events):
Event: 0.156 Thread 0x00000000024f4000 Exception <a 'java/security/PrivilegedActionException'> (0x00000007162ad0a0) thrown at [C:\re\workspace\8-2-build-windows-amd64-cygwin\jdk8u121\8372\hotspot\src\share\vm\prims\jvm.cpp, line 1390]
Event: 0.189 Thread 0x00000000024f4000 Exception <a 'java/lang/NoSuchFieldError': method resolution failed> (0x00000007163fa4d0) thrown at [C:\re\workspace\8-2-build-windows-amd64-cygwin\jdk8u121\8372\hotspot\src\share\vm\prims\methodHandles.cpp, line 1146]
Event: 0.190 Thread 0x00000000024f4000 Exception <a 'java/lang/NoSuchFieldError': method resolution failed> (0x00000007164084c0) thrown at [C:\re\workspace\8-2-build-windows-amd64-cygwin\jdk8u121\8372\hotspot\src\share\vm\prims\methodHandles.cpp, line 1146]
Event: 0.208 Thread 0x00000000024f4000 Implicit null exception at 0x0000000002846bdb to 0x0000000002846dc5
Event: 2.261 Thread 0x00000000024f4000 Exception <a 'sun/nio/fs/WindowsException'> (0x000000071667ba28) thrown at [C:\re\workspace\8-2-build-windows-amd64-cygwin\jdk8u121\8372\hotspot\src\share\vm\prims\jni.cpp, line 709]
Event: 2.261 Thread 0x00000000024f4000 Exception <a 'sun/nio/fs/WindowsException'> (0x000000071667d480) thrown at [C:\re\workspace\8-2-build-windows-amd64-cygwin\jdk8u121\8372\hotspot\src\share\vm\prims\jni.cpp, line 709]
Event: 2.261 Thread 0x00000000024f4000 Exception <a 'sun/nio/fs/WindowsException'> (0x000000071667f728) thrown at [C:\re\workspace\8-2-build-windows-amd64-cygwin\jdk8u121\8372\hotspot\src\share\vm\prims\jni.cpp, line 709]
Event: 2.261 Thread 0x00000000024f4000 Exception <a 'sun/nio/fs/WindowsException'> (0x000000071667fc50) thrown at [C:\re\workspace\8-2-build-windows-amd64-cygwin\jdk8u121\8372\hotspot\src\share\vm\prims\jni.cpp, line 709]
Event: 2.261 Thread 0x00000000024f4000 Exception <a 'sun/nio/fs/WindowsException'> (0x0000000716680628) thrown at [C:\re\workspace\8-2-build-windows-amd64-cygwin\jdk8u121\8372\hotspot\src\share\vm\prims\jni.cpp, line 709]
Event: 2.261 Thread 0x00000000024f4000 Exception <a 'sun/nio/fs/WindowsException'> (0x0000000716680ab8) thrown at [C:\re\workspace\8-2-build-windows-amd64-cygwin\jdk8u121\8372\hotspot\src\share\vm\prims\jni.cpp, line 709]

Events (10 events):
Event: 2.474 loading class java/nio/BufferOverflowException
Event: 2.474 loading class java/nio/BufferOverflowException done
Event: 2.474 loading class java/nio/InvalidMarkException
Event: 2.474 loading class java/nio/InvalidMarkException done
Event: 2.474 loading class java/nio/BufferUnderflowException
Event: 2.475 loading class java/nio/BufferUnderflowException done
Event: 2.475 loading class sun/reflect/UnsafeQualifiedLongFieldAccessorImpl
Event: 2.475 loading class sun/reflect/UnsafeQualifiedFieldAccessorImpl
Event: 2.475 loading class sun/reflect/UnsafeQualifiedFieldAccessorImpl done
Event: 2.475 loading class sun/reflect/UnsafeQualifiedLongFieldAccessorImpl done


Dynamic libraries:
0x00007ff7ca520000 - 0x00007ff7ca557000 	C:\Program Files\Java\jdk1.8.0_121\bin\java.exe
0x00007ffe4cce0000 - 0x00007ffe4ceb1000 	C:\WINDOWS\SYSTEM32\ntdll.dll
0x00007ffe4bb00000 - 0x00007ffe4bbab000 	C:\WINDOWS\System32\KERNEL32.DLL
0x00007ffe493a0000 - 0x00007ffe495bd000 	C:\WINDOWS\System32\KERNELBASE.dll
0x00007ffe4c340000 - 0x00007ffe4c3e2000 	C:\WINDOWS\System32\ADVAPI32.dll
0x00007ffe4c000000 - 0x00007ffe4c09e000 	C:\WINDOWS\System32\msvcrt.dll
0x00007ffe4a530000 - 0x00007ffe4a589000 	C:\WINDOWS\System32\sechost.dll
0x00007ffe4a400000 - 0x00007ffe4a521000 	C:\WINDOWS\System32\RPCRT4.dll
0x00007ffe4c3f0000 - 0x00007ffe4c555000 	C:\WINDOWS\System32\USER32.dll
0x00007ffe4a1b0000 - 0x00007ffe4a1ce000 	C:\WINDOWS\System32\win32u.dll
0x00007ffe4c200000 - 0x00007ffe4c234000 	C:\WINDOWS\System32\GDI32.dll
0x00007ffe4a020000 - 0x00007ffe4a1a2000 	C:\WINDOWS\System32\gdi32full.dll
0x00007ffe421f0000 - 0x00007ffe4246a000 	C:\WINDOWS\WinSxS\amd64_microsoft.windows.common-controls_6595b64144ccf1df_6.0.14393.953_none_42151e83c686086b\COMCTL32.dll
0x00007ffe4bd30000 - 0x00007ffe4bff8000 	C:\WINDOWS\System32\combase.dll
0x00007ffe495c0000 - 0x00007ffe496b5000 	C:\WINDOWS\System32\ucrtbase.dll
0x00007ffe491d0000 - 0x00007ffe4923a000 	C:\WINDOWS\System32\bcryptPrimitives.dll
0x00007ffe4a3d0000 - 0x00007ffe4a3fe000 	C:\WINDOWS\System32\IMM32.DLL
0x0000000055a60000 - 0x0000000055b32000 	C:\Program Files\Java\jdk1.8.0_121\jre\bin\msvcr100.dll
0x00000000551c0000 - 0x0000000055a5b000 	C:\Program Files\Java\jdk1.8.0_121\jre\bin\server\jvm.dll
0x00007ffe4c560000 - 0x00007ffe4c568000 	C:\WINDOWS\System32\PSAPI.DLL
0x00007ffe46c40000 - 0x00007ffe46c63000 	C:\WINDOWS\SYSTEM32\WINMM.dll
0x00007ffe43350000 - 0x00007ffe43359000 	C:\WINDOWS\SYSTEM32\WSOCK32.dll
0x00007ffe47680000 - 0x00007ffe4768a000 	C:\WINDOWS\SYSTEM32\VERSION.dll
0x00007ffe4bbb0000 - 0x00007ffe4bc1a000 	C:\WINDOWS\System32\WS2_32.dll
0x0000000000660000 - 0x000000000068b000 	C:\WINDOWS\SYSTEM32\WINMMBASE.dll
0x00007ffe49fd0000 - 0x00007ffe4a012000 	C:\WINDOWS\System32\cfgmgr32.dll
0x00000000551b0000 - 0x00000000551bf000 	C:\Program Files\Java\jdk1.8.0_121\jre\bin\verify.dll
0x0000000055180000 - 0x00000000551a9000 	C:\Program Files\Java\jdk1.8.0_121\jre\bin\java.dll
0x0000000052420000 - 0x0000000052443000 	C:\Program Files\Java\jdk1.8.0_121\jre\bin\instrument.dll
0x0000000055160000 - 0x0000000055176000 	C:\Program Files\Java\jdk1.8.0_121\jre\bin\zip.dll
0x00007ffe4a590000 - 0x00007ffe4ba98000 	C:\WINDOWS\System32\SHELL32.dll
0x00007ffe498f0000 - 0x00007ffe49fca000 	C:\WINDOWS\System32\windows.storage.dll
0x00007ffe49180000 - 0x00007ffe491cc000 	C:\WINDOWS\System32\powrprof.dll
0x00007ffe4c710000 - 0x00007ffe4c762000 	C:\WINDOWS\System32\shlwapi.dll
0x00007ffe49140000 - 0x00007ffe4914f000 	C:\WINDOWS\System32\kernel.appcore.dll
0x00007ffe49240000 - 0x00007ffe492e9000 	C:\WINDOWS\System32\shcore.dll
0x00007ffe49150000 - 0x00007ffe49164000 	C:\WINDOWS\System32\profapi.dll
0x00007ffe326b0000 - 0x00007ffe326ca000 	C:\Program Files\JetBrains\IntelliJ IDEA 2017.1.1\bin\breakgen64.dll
0x0000000055020000 - 0x000000005503a000 	C:\Program Files\Java\jdk1.8.0_121\jre\bin\net.dll
0x00007ffe48760000 - 0x00007ffe487bc000 	C:\WINDOWS\system32\mswsock.dll
0x0000000055000000 - 0x0000000055011000 	C:\Program Files\Java\jdk1.8.0_121\jre\bin\nio.dll
0x00007ffe28e20000 - 0x00007ffe28e77000 	C:\Users\Ramon Brand\AppData\Local\Temp\lwjglRamon Brand\3.1.1-build-16\lwjgl.dll
0x00007ffe48910000 - 0x00007ffe4891b000 	C:\WINDOWS\SYSTEM32\CRYPTBASE.DLL
0x00007ffe26750000 - 0x00007ffe2678c000 	C:\Users\RAMONB~1\AppData\Local\Temp\lwjglRamon Brand\3.1.1-build-16\glfw.dll
0x00007ffe46ed0000 - 0x00007ffe46f65000 	C:\WINDOWS\system32\uxtheme.dll
0x00007ffe26710000 - 0x00007ffe26750000 	C:\WINDOWS\SYSTEM32\dinput8.dll
0x00007ffe40900000 - 0x00007ffe4090e000 	C:\WINDOWS\SYSTEM32\xinput1_4.dll
0x00007ffe473a0000 - 0x00007ffe473c8000 	C:\WINDOWS\SYSTEM32\DEVOBJ.dll
0x00007ffe46250000 - 0x00007ffe46276000 	C:\WINDOWS\SYSTEM32\dwmapi.dll
0x00007ffe47670000 - 0x00007ffe4767c000 	C:\WINDOWS\SYSTEM32\HID.DLL
0x00007ffe4c770000 - 0x00007ffe4cb99000 	C:\WINDOWS\System32\SETUPAPI.DLL
0x00007ffe49890000 - 0x00007ffe498e5000 	C:\WINDOWS\System32\WINTRUST.dll
0x00007ffe49170000 - 0x00007ffe49180000 	C:\WINDOWS\System32\MSASN1.dll
0x00007ffe496c0000 - 0x00007ffe49889000 	C:\WINDOWS\System32\CRYPT32.dll
0x00007ffe4c0a0000 - 0x00007ffe4c1fa000 	C:\WINDOWS\System32\MSCTF.dll
0x00007ffe4cbb0000 - 0x00007ffe4cc6f000 	C:\WINDOWS\System32\OLEAUT32.dll
0x00007ffe4a1d0000 - 0x00007ffe4a26c000 	C:\WINDOWS\System32\msvcp_win.dll
0x00007ffe26c50000 - 0x00007ffe26d73000 	C:\WINDOWS\SYSTEM32\opengl32.dll
0x00007ffe408d0000 - 0x00007ffe408fd000 	C:\WINDOWS\SYSTEM32\GLU32.dll
0x00007ffe2e0e0000 - 0x00007ffe2e1d7000 	C:\WINDOWS\SYSTEM32\DDRAW.dll
0x00007ffe44e60000 - 0x00007ffe44e68000 	C:\WINDOWS\SYSTEM32\DCIMAN32.dll
0x0000000052e10000 - 0x0000000055000000 	C:\WINDOWS\SYSTEM32\nvoglv64.DLL
0x00007ffe456c0000 - 0x00007ffe456d3000 	C:\WINDOWS\SYSTEM32\WTSAPI32.dll
0x00007ffe48240000 - 0x00007ffe48272000 	C:\WINDOWS\SYSTEM32\ntmarta.dll
0x00007ffe40340000 - 0x00007ffe40511000 	C:\WINDOWS\system32\nvspcap64.dll
0x00007ffe4a270000 - 0x00007ffe4a3a7000 	C:\WINDOWS\System32\ole32.dll
0x00007ffe41220000 - 0x00007ffe412ed000 	C:\WINDOWS\SYSTEM32\WINHTTP.dll
0x00007ffe48130000 - 0x00007ffe48186000 	C:\WINDOWS\SYSTEM32\WINSTA.dll
0x00007ffe26370000 - 0x00007ffe263cf000 	C:\Users\Ramon Brand\AppData\Local\Temp\lwjglRamon Brand\3.1.1-build-16\lwjgl_opengl.dll
0x00007ffe48c20000 - 0x00007ffe48db2000 	C:\WINDOWS\SYSTEM32\dbghelp.dll

VM Arguments:
jvm_args: -Dvisualvm.id=319752613106395 -javaagent:C:\Program Files\JetBrains\IntelliJ IDEA 2017.1.1\lib\idea_rt.jar=61904:C:\Program Files\JetBrains\IntelliJ IDEA 2017.1.1\bin -Dfile.encoding=UTF-8 
java_command: org.toyarmy.Main
java_class_path (initial): C:\Program Files\Java\jdk1.8.0_121\jre\lib\charsets.jar;C:\Program Files\Java\jdk1.8.0_121\jre\lib\deploy.jar;C:\Program Files\Java\jdk1.8.0_121\jre\lib\ext\access-bridge-64.jar;C:\Program Files\Java\jdk1.8.0_121\jre\lib\ext\cldrdata.jar;C:\Program Files\Java\jdk1.8.0_121\jre\lib\ext\dnsns.jar;C:\Program Files\Java\jdk1.8.0_121\jre\lib\ext\jaccess.jar;C:\Program Files\Java\jdk1.8.0_121\jre\lib\ext\jfxrt.jar;C:\Program Files\Java\jdk1.8.0_121\jre\lib\ext\localedata.jar;C:\Program Files\Java\jdk1.8.0_121\jre\lib\ext\nashorn.jar;C:\Program Files\Java\jdk1.8.0_121\jre\lib\ext\sunec.jar;C:\Program Files\Java\jdk1.8.0_121\jre\lib\ext\sunjce_provider.jar;C:\Program Files\Java\jdk1.8.0_121\jre\lib\ext\sunmscapi.jar;C:\Program Files\Java\jdk1.8.0_121\jre\lib\ext\sunpkcs11.jar;C:\Program Files\Java\jdk1.8.0_121\jre\lib\ext\zipfs.jar;C:\Program Files\Java\jdk1.8.0_121\jre\lib\javaws.jar;C:\Program Files\Java\jdk1.8.0_121\jre\lib\jce.jar;C:\Program Files\Java\jdk1.8.0_121\jre\lib\jfr.jar;C:\Program Files\Java\jdk1.8.0_121\jre\lib\jfxswt.jar;C:\Program Files\Java\jdk1.8.0_121\jre\lib\jsse.jar;C:\Program Files\Java\jdk1.8.0_121\jre\lib\management-agent.jar;C:\Program Files\Java\jdk1.8.0_121\jre\lib\plugin.jar;C:\Program Files\Java\jdk1.8.0_121\jre\lib\resources.jar;C:\Program Files\Java\jdk1.8.0_121\jre\lib\rt.jar;D:\My External Documents\Documents\Programming\Personal Projects\ToyArmy\target\classes;C:\Users\Ramon Brand\.m2\repository\org\lwjgl\lwjgl\3.1.1\lwjgl-3.1.1.jar;C:\Users\Ramon Brand\.m2\repository\org\lwjgl\lwjgl-assimp\3.1.1\lwjgl-assimp-3.1.1.jar;C:\Users\Ramon Brand\.m2\repository\org\lwjgl\lwjgl-bgfx\3.1.1\lwjgl-bgfx-3.1.1.jar;C:\Users\Ramon Brand\.m2\repository\org\lwjgl\lwjgl-egl\3.1.1\lwjgl-egl-3.1.1.jar;C:\Users\Ramon Brand\.m2\repository\org\lwjgl\lwjgl-glfw\3.1.1\lwjgl-glfw-3.1.1.jar;C:\Users\Ramon Brand\.m2\repository\org\lwjgl\lwjgl-jawt\3.1.1\lwjgl-jawt-3.1.1.jar;C:\Users\Ramon Brand\.m2\repository\org\lwjgl\lwjgl-jemalloc\3.1.
Launcher Type: SUN_STANDARD

Environment Variables:
PATH=C:\ProgramData\Oracle\Java\javapath;C:\WINDOWS\system32;C:\WINDOWS;C:\WINDOWS\System32\Wbem;C:\WINDOWS\System32\WindowsPowerShell\v1.0\;C:\Program Files (x86)\NVIDIA Corporation\PhysX\Common;C:\Program Files (x86)\Skype\Phone\;C:\Program Files\Git\cmd;C:\Users\Ramon Brand\AppData\Local\Microsoft\WindowsApps;
USERNAME=Ramon Brand
OS=Windows_NT
PROCESSOR_IDENTIFIER=Intel64 Family 6 Model 62 Stepping 4, GenuineIntel



---------------  S Y S T E M  ---------------

OS: Windows 10.0 , 64 bit Build 14393 (10.0.14393.0)

CPU:total 12 (6 cores per cpu, 2 threads per core) family 6 model 62 stepping 4, cmov, cx8, fxsr, mmx, sse, sse2, sse3, ssse3, sse4.1, sse4.2, popcnt, avx, aes, clmul, erms, ht, tsc, tscinvbit

Memory: 4k page, physical 33491836k(24960672k free), swap 38472572k(22947680k free)

vm_info: Java HotSpot(TM) 64-Bit Server VM (25.121-b13) for windows-amd64 JRE (1.8.0_121-b13), built on Dec 12 2016 18:21:36 by "java_re" with MS VC++ 10.0 (VS2010)

time: Sat Apr 22 14:33:08 2017
elapsed time: 2 seconds (0d 0h 0m 2s)

